INFO:root:adding 1 at 2020
INFO:root:ATL at 2020 archived | https://www.basketball-reference.com/teams/ATL/2020/gamelog/
INFO:root:ATL at 2021 archived | https://www.basketball-reference.com/teams/ATL/2021/gamelog/
INFO:root:ATL at 2022 archived | https://www.basketball-reference.com/teams/ATL/2022/gamelog/
INFO:root:ATL at 2023 archived | https://www.basketball-reference.com/teams/ATL/2023/gamelog/
INFO:root:BOS at 2020 archived | https://www.basketball-reference.com/teams/BOS/2020/gamelog/
INFO:root:BOS at 2021 archived | https://www.basketball-reference.com/teams/BOS/2021/gamelog/
INFO:root:BOS at 2022 archived | https://www.basketball-reference.com/teams/BOS/2022/gamelog/
INFO:root:BOS at 2023 archived | https://www.basketball-reference.com/teams/BOS/2023/gamelog/
INFO:root:BRK at 2020 archived | https://www.basketball-reference.com/teams/BRK/2020/gamelog/
INFO:root:BRK at 2021 archived | https://www.basketball-reference.com/teams/BRK/2021/gamelog/
INFO:root:BRK at 2022 archived | https://www.basketball-reference.com/teams/BRK/2022/gamelog/
INFO:root:BRK at 2023 archived | https://www.basketball-reference.com/teams/BRK/2023/gamelog/
INFO:root:CHO at 2020 archived | https://www.basketball-reference.com/teams/CHO/2020/gamelog/
INFO:root:CHO at 2021 archived | https://www.basketball-reference.com/teams/CHO/2021/gamelog/
INFO:root:CHO at 2022 archived | https://www.basketball-reference.com/teams/CHO/2022/gamelog/
INFO:root:CHO at 2023 archived | https://www.basketball-reference.com/teams/CHO/2023/gamelog/
INFO:root:CHI at 2020 archived | https://www.basketball-reference.com/teams/CHI/2020/gamelog/
INFO:root:CHI at 2021 archived | https://www.basketball-reference.com/teams/CHI/2021/gamelog/
INFO:root:CHI at 2022 archived | https://www.basketball-reference.com/teams/CHI/2022/gamelog/
INFO:root:CHI at 2023 archived | https://www.basketball-reference.com/teams/CHI/2023/gamelog/
INFO:root:CLE at 2020 archived | https://www.basketball-reference.com/teams/CLE/2020/gamelog/
INFO:root:CLE at 2021 archived | https://www.basketball-reference.com/teams/CLE/2021/gamelog/
INFO:root:CLE at 2022 archived | https://www.basketball-reference.com/teams/CLE/2022/gamelog/
INFO:root:CLE at 2023 archived | https://www.basketball-reference.com/teams/CLE/2023/gamelog/
INFO:root:DAL at 2020 archived | https://www.basketball-reference.com/teams/DAL/2020/gamelog/
INFO:root:DAL at 2021 archived | https://www.basketball-reference.com/teams/DAL/2021/gamelog/
INFO:root:DAL at 2022 archived | https://www.basketball-reference.com/teams/DAL/2022/gamelog/
INFO:root:DAL at 2023 archived | https://www.basketball-reference.com/teams/DAL/2023/gamelog/
INFO:root:DEN at 2020 archived | https://www.basketball-reference.com/teams/DEN/2020/gamelog/
INFO:root:DEN at 2021 archived | https://www.basketball-reference.com/teams/DEN/2021/gamelog/
INFO:root:DEN at 2022 archived | https://www.basketball-reference.com/teams/DEN/2022/gamelog/
INFO:root:DEN at 2023 archived | https://www.basketball-reference.com/teams/DEN/2023/gamelog/
INFO:root:DET at 2020 archived | https://www.basketball-reference.com/teams/DET/2020/gamelog/
INFO:root:DET at 2021 archived | https://www.basketball-reference.com/teams/DET/2021/gamelog/
INFO:root:DET at 2022 archived | https://www.basketball-reference.com/teams/DET/2022/gamelog/
INFO:root:DET at 2023 archived | https://www.basketball-reference.com/teams/DET/2023/gamelog/
INFO:root:GSW at 2020 archived | https://www.basketball-reference.com/teams/GSW/2020/gamelog/
INFO:root:GSW at 2021 archived | https://www.basketball-reference.com/teams/GSW/2021/gamelog/
INFO:root:GSW at 2022 archived | https://www.basketball-reference.com/teams/GSW/2022/gamelog/
INFO:root:GSW at 2023 archived | https://www.basketball-reference.com/teams/GSW/2023/gamelog/
INFO:root:HOU at 2020 archived | https://www.basketball-reference.com/teams/HOU/2020/gamelog/
INFO:root:HOU at 2021 archived | https://www.basketball-reference.com/teams/HOU/2021/gamelog/
INFO:root:HOU at 2022 archived | https://www.basketball-reference.com/teams/HOU/2022/gamelog/
INFO:root:HOU at 2023 archived | https://www.basketball-reference.com/teams/HOU/2023/gamelog/
INFO:root:IND at 2020 archived | https://www.basketball-reference.com/teams/IND/2020/gamelog/
INFO:root:IND at 2021 archived | https://www.basketball-reference.com/teams/IND/2021/gamelog/
INFO:root:IND at 2022 archived | https://www.basketball-reference.com/teams/IND/2022/gamelog/
INFO:root:IND at 2023 archived | https://www.basketball-reference.com/teams/IND/2023/gamelog/
INFO:root:LAL at 2020 archived | https://www.basketball-reference.com/teams/LAL/2020/gamelog/
INFO:root:LAL at 2021 archived | https://www.basketball-reference.com/teams/LAL/2021/gamelog/
INFO:root:LAL at 2022 archived | https://www.basketball-reference.com/teams/LAL/2022/gamelog/
INFO:root:LAL at 2023 archived | https://www.basketball-reference.com/teams/LAL/2023/gamelog/
INFO:root:LAC at 2020 archived | https://www.basketball-reference.com/teams/LAC/2020/gamelog/
INFO:root:LAC at 2021 archived | https://www.basketball-reference.com/teams/LAC/2021/gamelog/
INFO:root:LAC at 2022 archived | https://www.basketball-reference.com/teams/LAC/2022/gamelog/
INFO:root:LAC at 2023 archived | https://www.basketball-reference.com/teams/LAC/2023/gamelog/
INFO:root:MEM at 2020 archived | https://www.basketball-reference.com/teams/MEM/2020/gamelog/
INFO:root:MEM at 2021 archived | https://www.basketball-reference.com/teams/MEM/2021/gamelog/
INFO:root:MEM at 2022 archived | https://www.basketball-reference.com/teams/MEM/2022/gamelog/
INFO:root:MEM at 2023 archived | https://www.basketball-reference.com/teams/MEM/2023/gamelog/
INFO:root:MIA at 2020 archived | https://www.basketball-reference.com/teams/MIA/2020/gamelog/
INFO:root:MIA at 2021 archived | https://www.basketball-reference.com/teams/MIA/2021/gamelog/
INFO:root:MIA at 2022 archived | https://www.basketball-reference.com/teams/MIA/2022/gamelog/
INFO:root:MIA at 2023 archived | https://www.basketball-reference.com/teams/MIA/2023/gamelog/
INFO:root:MIL at 2020 archived | https://www.basketball-reference.com/teams/MIL/2020/gamelog/
INFO:root:MIL at 2021 archived | https://www.basketball-reference.com/teams/MIL/2021/gamelog/
INFO:root:MIL at 2022 archived | https://www.basketball-reference.com/teams/MIL/2022/gamelog/
INFO:root:MIL at 2023 archived | https://www.basketball-reference.com/teams/MIL/2023/gamelog/
INFO:root:MIN at 2020 archived | https://www.basketball-reference.com/teams/MIN/2020/gamelog/
INFO:root:MIN at 2021 archived | https://www.basketball-reference.com/teams/MIN/2021/gamelog/
INFO:root:MIN at 2022 archived | https://www.basketball-reference.com/teams/MIN/2022/gamelog/
INFO:root:MIN at 2023 archived | https://www.basketball-reference.com/teams/MIN/2023/gamelog/
INFO:root:NOP at 2020 archived | https://www.basketball-reference.com/teams/NOP/2020/gamelog/
INFO:root:NOP at 2021 archived | https://www.basketball-reference.com/teams/NOP/2021/gamelog/
INFO:root:NOP at 2022 archived | https://www.basketball-reference.com/teams/NOP/2022/gamelog/
INFO:root:NOP at 2023 archived | https://www.basketball-reference.com/teams/NOP/2023/gamelog/
INFO:root:NYK at 2020 archived | https://www.basketball-reference.com/teams/NYK/2020/gamelog/
INFO:root:NYK at 2021 archived | https://www.basketball-reference.com/teams/NYK/2021/gamelog/
INFO:root:NYK at 2022 archived | https://www.basketball-reference.com/teams/NYK/2022/gamelog/
INFO:root:NYK at 2023 archived | https://www.basketball-reference.com/teams/NYK/2023/gamelog/
INFO:root:OKC at 2020 archived | https://www.basketball-reference.com/teams/OKC/2020/gamelog/
INFO:root:OKC at 2021 archived | https://www.basketball-reference.com/teams/OKC/2021/gamelog/
INFO:root:OKC at 2022 archived | https://www.basketball-reference.com/teams/OKC/2022/gamelog/
INFO:root:OKC at 2023 archived | https://www.basketball-reference.com/teams/OKC/2023/gamelog/
INFO:root:ORL at 2020 archived | https://www.basketball-reference.com/teams/ORL/2020/gamelog/
INFO:root:ORL at 2021 archived | https://www.basketball-reference.com/teams/ORL/2021/gamelog/
INFO:root:ORL at 2022 archived | https://www.basketball-reference.com/teams/ORL/2022/gamelog/
INFO:root:ORL at 2023 archived | https://www.basketball-reference.com/teams/ORL/2023/gamelog/
INFO:root:PHI at 2020 archived | https://www.basketball-reference.com/teams/PHI/2020/gamelog/
INFO:root:PHI at 2021 archived | https://www.basketball-reference.com/teams/PHI/2021/gamelog/
INFO:root:PHI at 2022 archived | https://www.basketball-reference.com/teams/PHI/2022/gamelog/
INFO:root:PHI at 2023 archived | https://www.basketball-reference.com/teams/PHI/2023/gamelog/
INFO:root:PHO at 2020 archived | https://www.basketball-reference.com/teams/PHO/2020/gamelog/
INFO:root:PHO at 2021 archived | https://www.basketball-reference.com/teams/PHO/2021/gamelog/
INFO:root:PHO at 2022 archived | https://www.basketball-reference.com/teams/PHO/2022/gamelog/
INFO:root:PHO at 2023 archived | https://www.basketball-reference.com/teams/PHO/2023/gamelog/
INFO:root:POR at 2020 archived | https://www.basketball-reference.com/teams/POR/2020/gamelog/
INFO:root:POR at 2021 archived | https://www.basketball-reference.com/teams/POR/2021/gamelog/
INFO:root:POR at 2022 archived | https://www.basketball-reference.com/teams/POR/2022/gamelog/
INFO:root:POR at 2023 archived | https://www.basketball-reference.com/teams/POR/2023/gamelog/
INFO:root:SAC at 2020 archived | https://www.basketball-reference.com/teams/SAC/2020/gamelog/
INFO:root:SAC at 2021 archived | https://www.basketball-reference.com/teams/SAC/2021/gamelog/
INFO:root:SAC at 2022 archived | https://www.basketball-reference.com/teams/SAC/2022/gamelog/
INFO:root:SAC at 2023 archived | https://www.basketball-reference.com/teams/SAC/2023/gamelog/
INFO:root:SAS at 2020 archived | https://www.basketball-reference.com/teams/SAS/2020/gamelog/
INFO:root:SAS at 2021 archived | https://www.basketball-reference.com/teams/SAS/2021/gamelog/
INFO:root:SAS at 2022 archived | https://www.basketball-reference.com/teams/SAS/2022/gamelog/
INFO:root:SAS at 2023 archived | https://www.basketball-reference.com/teams/SAS/2023/gamelog/
INFO:root:TOR at 2020 archived | https://www.basketball-reference.com/teams/TOR/2020/gamelog/
INFO:root:TOR at 2021 archived | https://www.basketball-reference.com/teams/TOR/2021/gamelog/
INFO:root:TOR at 2022 archived | https://www.basketball-reference.com/teams/TOR/2022/gamelog/
INFO:root:TOR at 2023 archived | https://www.basketball-reference.com/teams/TOR/2023/gamelog/
INFO:root:UTA at 2020 archived | https://www.basketball-reference.com/teams/UTA/2020/gamelog/
INFO:root:UTA at 2021 archived | https://www.basketball-reference.com/teams/UTA/2021/gamelog/
INFO:root:UTA at 2022 archived | https://www.basketball-reference.com/teams/UTA/2022/gamelog/
INFO:root:UTA at 2023 archived | https://www.basketball-reference.com/teams/UTA/2023/gamelog/
INFO:root:WAS at 2020 archived | https://www.basketball-reference.com/teams/WAS/2020/gamelog/
INFO:root:WAS at 2021 archived | https://www.basketball-reference.com/teams/WAS/2021/gamelog/
INFO:root:WAS at 2022 archived | https://www.basketball-reference.com/teams/WAS/2022/gamelog/
INFO:root:WAS at 2023 archived | https://www.basketball-reference.com/teams/WAS/2023/gamelog/
INFO:root:ATL at 2000 archived | https://www.basketball-reference.com/teams/ATL/2000/gamelog/
INFO:root:ATL at 2001 archived | https://www.basketball-reference.com/teams/ATL/2001/gamelog/
INFO:root:ATL at 2002 archived | https://www.basketball-reference.com/teams/ATL/2002/gamelog/
INFO:root:ATL at 2003 archived | https://www.basketball-reference.com/teams/ATL/2003/gamelog/
INFO:root:ATL at 2004 archived | https://www.basketball-reference.com/teams/ATL/2004/gamelog/
INFO:root:ATL at 2005 archived | https://www.basketball-reference.com/teams/ATL/2005/gamelog/
INFO:root:ATL at 2006 archived | https://www.basketball-reference.com/teams/ATL/2006/gamelog/
INFO:root:ATL at 2007 archived | https://www.basketball-reference.com/teams/ATL/2007/gamelog/
INFO:root:ATL at 2008 archived | https://www.basketball-reference.com/teams/ATL/2008/gamelog/
INFO:root:ATL at 2009 archived | https://www.basketball-reference.com/teams/ATL/2009/gamelog/
INFO:root:ATL at 2010 archived | https://www.basketball-reference.com/teams/ATL/2010/gamelog/
INFO:root:ATL at 2011 archived | https://www.basketball-reference.com/teams/ATL/2011/gamelog/
INFO:root:ATL at 2012 archived | https://www.basketball-reference.com/teams/ATL/2012/gamelog/
INFO:root:ATL at 2013 archived | https://www.basketball-reference.com/teams/ATL/2013/gamelog/
INFO:root:ATL at 2014 archived | https://www.basketball-reference.com/teams/ATL/2014/gamelog/
INFO:root:ATL at 2015 archived | https://www.basketball-reference.com/teams/ATL/2015/gamelog/
INFO:root:ATL at 2016 archived | https://www.basketball-reference.com/teams/ATL/2016/gamelog/
INFO:root:ATL at 2017 archived | https://www.basketball-reference.com/teams/ATL/2017/gamelog/
INFO:root:ATL at 2018 archived | https://www.basketball-reference.com/teams/ATL/2018/gamelog/
INFO:root:ATL at 2019 archived | https://www.basketball-reference.com/teams/ATL/2019/gamelog/
INFO:root:ATL at 2020 archived | https://www.basketball-reference.com/teams/ATL/2020/gamelog/
INFO:root:ATL at 2021 archived | https://www.basketball-reference.com/teams/ATL/2021/gamelog/
INFO:root:ATL at 2022 archived | https://www.basketball-reference.com/teams/ATL/2022/gamelog/
INFO:root:ATL at 2023 archived | https://www.basketball-reference.com/teams/ATL/2023/gamelog/
INFO:root:BOS at 2000 archived | https://www.basketball-reference.com/teams/BOS/2000/gamelog/
INFO:root:BOS at 2001 archived | https://www.basketball-reference.com/teams/BOS/2001/gamelog/
INFO:root:BOS at 2002 archived | https://www.basketball-reference.com/teams/BOS/2002/gamelog/
INFO:root:BOS at 2003 archived | https://www.basketball-reference.com/teams/BOS/2003/gamelog/
INFO:root:BOS at 2004 archived | https://www.basketball-reference.com/teams/BOS/2004/gamelog/
INFO:root:BOS at 2005 archived | https://www.basketball-reference.com/teams/BOS/2005/gamelog/
INFO:root:BOS at 2006 archived | https://www.basketball-reference.com/teams/BOS/2006/gamelog/
INFO:root:BOS at 2007 archived | https://www.basketball-reference.com/teams/BOS/2007/gamelog/
INFO:root:BOS at 2008 archived | https://www.basketball-reference.com/teams/BOS/2008/gamelog/
INFO:root:BOS at 2009 archived | https://www.basketball-reference.com/teams/BOS/2009/gamelog/
INFO:root:BOS at 2010 archived | https://www.basketball-reference.com/teams/BOS/2010/gamelog/
INFO:root:BOS at 2011 archived | https://www.basketball-reference.com/teams/BOS/2011/gamelog/
INFO:root:BOS at 2012 archived | https://www.basketball-reference.com/teams/BOS/2012/gamelog/
INFO:root:BOS at 2013 archived | https://www.basketball-reference.com/teams/BOS/2013/gamelog/
INFO:root:BOS at 2014 archived | https://www.basketball-reference.com/teams/BOS/2014/gamelog/
INFO:root:BOS at 2015 archived | https://www.basketball-reference.com/teams/BOS/2015/gamelog/
INFO:root:BOS at 2016 archived | https://www.basketball-reference.com/teams/BOS/2016/gamelog/
INFO:root:BOS at 2017 archived | https://www.basketball-reference.com/teams/BOS/2017/gamelog/
INFO:root:BOS at 2018 archived | https://www.basketball-reference.com/teams/BOS/2018/gamelog/
INFO:root:BOS at 2019 archived | https://www.basketball-reference.com/teams/BOS/2019/gamelog/
INFO:root:BOS at 2020 archived | https://www.basketball-reference.com/teams/BOS/2020/gamelog/
INFO:root:BOS at 2021 archived | https://www.basketball-reference.com/teams/BOS/2021/gamelog/
INFO:root:BOS at 2022 archived | https://www.basketball-reference.com/teams/BOS/2022/gamelog/
INFO:root:BOS at 2023 archived | https://www.basketball-reference.com/teams/BOS/2023/gamelog/
INFO:root:NOT added BRK at 2000 | https://www.basketball-reference.com/teams/BRK/2000/gamelog/
INFO:root:NOT added BRK at 2001 | https://www.basketball-reference.com/teams/BRK/2001/gamelog/
INFO:root:NOT added BRK at 2002 | https://www.basketball-reference.com/teams/BRK/2002/gamelog/
INFO:root:NOT added BRK at 2003 | https://www.basketball-reference.com/teams/BRK/2003/gamelog/
INFO:root:NOT added BRK at 2004 | https://www.basketball-reference.com/teams/BRK/2004/gamelog/
INFO:root:NOT added BRK at 2005 | https://www.basketball-reference.com/teams/BRK/2005/gamelog/
INFO:root:NOT added BRK at 2006 | https://www.basketball-reference.com/teams/BRK/2006/gamelog/
INFO:root:NOT added BRK at 2007 | https://www.basketball-reference.com/teams/BRK/2007/gamelog/
INFO:root:NOT added BRK at 2008 | https://www.basketball-reference.com/teams/BRK/2008/gamelog/
INFO:root:NOT added BRK at 2009 | https://www.basketball-reference.com/teams/BRK/2009/gamelog/
INFO:root:NOT added BRK at 2010 | https://www.basketball-reference.com/teams/BRK/2010/gamelog/
INFO:root:NOT added BRK at 2011 | https://www.basketball-reference.com/teams/BRK/2011/gamelog/
INFO:root:NOT added BRK at 2012 | https://www.basketball-reference.com/teams/BRK/2012/gamelog/
INFO:root:BRK at 2013 archived | https://www.basketball-reference.com/teams/BRK/2013/gamelog/
INFO:root:BRK at 2014 archived | https://www.basketball-reference.com/teams/BRK/2014/gamelog/
INFO:root:BRK at 2015 archived | https://www.basketball-reference.com/teams/BRK/2015/gamelog/
INFO:root:BRK at 2016 archived | https://www.basketball-reference.com/teams/BRK/2016/gamelog/
INFO:root:BRK at 2017 archived | https://www.basketball-reference.com/teams/BRK/2017/gamelog/
INFO:root:BRK at 2018 archived | https://www.basketball-reference.com/teams/BRK/2018/gamelog/
INFO:root:BRK at 2019 archived | https://www.basketball-reference.com/teams/BRK/2019/gamelog/
INFO:root:BRK at 2020 archived | https://www.basketball-reference.com/teams/BRK/2020/gamelog/
INFO:root:BRK at 2021 archived | https://www.basketball-reference.com/teams/BRK/2021/gamelog/
INFO:root:BRK at 2022 archived | https://www.basketball-reference.com/teams/BRK/2022/gamelog/
INFO:root:BRK at 2023 archived | https://www.basketball-reference.com/teams/BRK/2023/gamelog/
INFO:root:NOT added CHO at 2000 | https://www.basketball-reference.com/teams/CHO/2000/gamelog/
INFO:root:NOT added CHO at 2001 | https://www.basketball-reference.com/teams/CHO/2001/gamelog/
INFO:root:NOT added CHO at 2002 | https://www.basketball-reference.com/teams/CHO/2002/gamelog/
INFO:root:NOT added CHO at 2003 | https://www.basketball-reference.com/teams/CHO/2003/gamelog/
INFO:root:NOT added CHO at 2004 | https://www.basketball-reference.com/teams/CHO/2004/gamelog/
INFO:root:NOT added CHO at 2005 | https://www.basketball-reference.com/teams/CHO/2005/gamelog/
INFO:root:NOT added CHO at 2006 | https://www.basketball-reference.com/teams/CHO/2006/gamelog/
INFO:root:NOT added CHO at 2007 | https://www.basketball-reference.com/teams/CHO/2007/gamelog/
INFO:root:NOT added CHO at 2008 | https://www.basketball-reference.com/teams/CHO/2008/gamelog/
INFO:root:NOT added CHO at 2009 | https://www.basketball-reference.com/teams/CHO/2009/gamelog/
INFO:root:NOT added CHO at 2010 | https://www.basketball-reference.com/teams/CHO/2010/gamelog/
INFO:root:NOT added CHO at 2011 | https://www.basketball-reference.com/teams/CHO/2011/gamelog/
INFO:root:NOT added CHO at 2012 | https://www.basketball-reference.com/teams/CHO/2012/gamelog/
INFO:root:NOT added CHO at 2013 | https://www.basketball-reference.com/teams/CHO/2013/gamelog/
INFO:root:NOT added CHO at 2014 | https://www.basketball-reference.com/teams/CHO/2014/gamelog/
INFO:root:CHO at 2015 archived | https://www.basketball-reference.com/teams/CHO/2015/gamelog/
INFO:root:CHO at 2016 archived | https://www.basketball-reference.com/teams/CHO/2016/gamelog/
INFO:root:CHO at 2017 archived | https://www.basketball-reference.com/teams/CHO/2017/gamelog/
INFO:root:CHO at 2018 archived | https://www.basketball-reference.com/teams/CHO/2018/gamelog/
INFO:root:CHO at 2019 archived | https://www.basketball-reference.com/teams/CHO/2019/gamelog/
INFO:root:CHO at 2020 archived | https://www.basketball-reference.com/teams/CHO/2020/gamelog/
INFO:root:CHO at 2021 archived | https://www.basketball-reference.com/teams/CHO/2021/gamelog/
INFO:root:CHO at 2022 archived | https://www.basketball-reference.com/teams/CHO/2022/gamelog/
INFO:root:CHO at 2023 archived | https://www.basketball-reference.com/teams/CHO/2023/gamelog/
INFO:root:CHI at 2000 archived | https://www.basketball-reference.com/teams/CHI/2000/gamelog/
INFO:root:CHI at 2001 archived | https://www.basketball-reference.com/teams/CHI/2001/gamelog/
INFO:root:CHI at 2002 archived | https://www.basketball-reference.com/teams/CHI/2002/gamelog/
INFO:root:CHI at 2003 archived | https://www.basketball-reference.com/teams/CHI/2003/gamelog/
INFO:root:CHI at 2004 archived | https://www.basketball-reference.com/teams/CHI/2004/gamelog/
INFO:root:CHI at 2005 archived | https://www.basketball-reference.com/teams/CHI/2005/gamelog/
INFO:root:CHI at 2006 archived | https://www.basketball-reference.com/teams/CHI/2006/gamelog/
INFO:root:CHI at 2007 archived | https://www.basketball-reference.com/teams/CHI/2007/gamelog/
INFO:root:CHI at 2008 archived | https://www.basketball-reference.com/teams/CHI/2008/gamelog/
INFO:root:CHI at 2009 archived | https://www.basketball-reference.com/teams/CHI/2009/gamelog/
INFO:root:CHI at 2010 archived | https://www.basketball-reference.com/teams/CHI/2010/gamelog/
INFO:root:CHI at 2011 archived | https://www.basketball-reference.com/teams/CHI/2011/gamelog/
INFO:root:CHI at 2012 archived | https://www.basketball-reference.com/teams/CHI/2012/gamelog/
INFO:root:CHI at 2013 archived | https://www.basketball-reference.com/teams/CHI/2013/gamelog/
INFO:root:CHI at 2014 archived | https://www.basketball-reference.com/teams/CHI/2014/gamelog/
INFO:root:CHI at 2015 archived | https://www.basketball-reference.com/teams/CHI/2015/gamelog/
INFO:root:CHI at 2016 archived | https://www.basketball-reference.com/teams/CHI/2016/gamelog/
INFO:root:CHI at 2017 archived | https://www.basketball-reference.com/teams/CHI/2017/gamelog/
INFO:root:CHI at 2018 archived | https://www.basketball-reference.com/teams/CHI/2018/gamelog/
INFO:root:CHI at 2019 archived | https://www.basketball-reference.com/teams/CHI/2019/gamelog/
INFO:root:CHI at 2020 archived | https://www.basketball-reference.com/teams/CHI/2020/gamelog/
INFO:root:CHI at 2021 archived | https://www.basketball-reference.com/teams/CHI/2021/gamelog/
INFO:root:CHI at 2022 archived | https://www.basketball-reference.com/teams/CHI/2022/gamelog/
INFO:root:CHI at 2023 archived | https://www.basketball-reference.com/teams/CHI/2023/gamelog/
INFO:root:CLE at 2000 archived | https://www.basketball-reference.com/teams/CLE/2000/gamelog/
INFO:root:CLE at 2001 archived | https://www.basketball-reference.com/teams/CLE/2001/gamelog/
INFO:root:CLE at 2002 archived | https://www.basketball-reference.com/teams/CLE/2002/gamelog/
INFO:root:CLE at 2003 archived | https://www.basketball-reference.com/teams/CLE/2003/gamelog/
INFO:root:CLE at 2004 archived | https://www.basketball-reference.com/teams/CLE/2004/gamelog/
INFO:root:CLE at 2005 archived | https://www.basketball-reference.com/teams/CLE/2005/gamelog/
INFO:root:CLE at 2006 archived | https://www.basketball-reference.com/teams/CLE/2006/gamelog/
INFO:root:CLE at 2007 archived | https://www.basketball-reference.com/teams/CLE/2007/gamelog/
INFO:root:CLE at 2008 archived | https://www.basketball-reference.com/teams/CLE/2008/gamelog/
INFO:root:CLE at 2009 archived | https://www.basketball-reference.com/teams/CLE/2009/gamelog/
INFO:root:CLE at 2010 archived | https://www.basketball-reference.com/teams/CLE/2010/gamelog/
INFO:root:CLE at 2011 archived | https://www.basketball-reference.com/teams/CLE/2011/gamelog/
INFO:root:CLE at 2012 archived | https://www.basketball-reference.com/teams/CLE/2012/gamelog/
INFO:root:CLE at 2013 archived | https://www.basketball-reference.com/teams/CLE/2013/gamelog/
INFO:root:CLE at 2014 archived | https://www.basketball-reference.com/teams/CLE/2014/gamelog/
INFO:root:CLE at 2015 archived | https://www.basketball-reference.com/teams/CLE/2015/gamelog/
INFO:root:CLE at 2016 archived | https://www.basketball-reference.com/teams/CLE/2016/gamelog/
INFO:root:CLE at 2017 archived | https://www.basketball-reference.com/teams/CLE/2017/gamelog/
INFO:root:CLE at 2018 archived | https://www.basketball-reference.com/teams/CLE/2018/gamelog/
INFO:root:CLE at 2019 archived | https://www.basketball-reference.com/teams/CLE/2019/gamelog/
INFO:root:CLE at 2020 archived | https://www.basketball-reference.com/teams/CLE/2020/gamelog/
INFO:root:CLE at 2021 archived | https://www.basketball-reference.com/teams/CLE/2021/gamelog/
INFO:root:CLE at 2022 archived | https://www.basketball-reference.com/teams/CLE/2022/gamelog/
INFO:root:CLE at 2023 archived | https://www.basketball-reference.com/teams/CLE/2023/gamelog/
INFO:root:DAL at 2000 archived | https://www.basketball-reference.com/teams/DAL/2000/gamelog/
INFO:root:DAL at 2001 archived | https://www.basketball-reference.com/teams/DAL/2001/gamelog/
INFO:root:DAL at 2002 archived | https://www.basketball-reference.com/teams/DAL/2002/gamelog/
INFO:root:DAL at 2003 archived | https://www.basketball-reference.com/teams/DAL/2003/gamelog/
INFO:root:DAL at 2004 archived | https://www.basketball-reference.com/teams/DAL/2004/gamelog/
INFO:root:DAL at 2005 archived | https://www.basketball-reference.com/teams/DAL/2005/gamelog/
INFO:root:DAL at 2006 archived | https://www.basketball-reference.com/teams/DAL/2006/gamelog/
INFO:root:DAL at 2007 archived | https://www.basketball-reference.com/teams/DAL/2007/gamelog/
INFO:root:DAL at 2008 archived | https://www.basketball-reference.com/teams/DAL/2008/gamelog/
INFO:root:DAL at 2009 archived | https://www.basketball-reference.com/teams/DAL/2009/gamelog/
INFO:root:DAL at 2010 archived | https://www.basketball-reference.com/teams/DAL/2010/gamelog/
INFO:root:DAL at 2011 archived | https://www.basketball-reference.com/teams/DAL/2011/gamelog/
INFO:root:DAL at 2012 archived | https://www.basketball-reference.com/teams/DAL/2012/gamelog/
INFO:root:DAL at 2013 archived | https://www.basketball-reference.com/teams/DAL/2013/gamelog/
INFO:root:DAL at 2014 archived | https://www.basketball-reference.com/teams/DAL/2014/gamelog/
INFO:root:DAL at 2015 archived | https://www.basketball-reference.com/teams/DAL/2015/gamelog/
INFO:root:DAL at 2016 archived | https://www.basketball-reference.com/teams/DAL/2016/gamelog/
INFO:root:DAL at 2017 archived | https://www.basketball-reference.com/teams/DAL/2017/gamelog/
INFO:root:DAL at 2018 archived | https://www.basketball-reference.com/teams/DAL/2018/gamelog/
INFO:root:DAL at 2019 archived | https://www.basketball-reference.com/teams/DAL/2019/gamelog/
INFO:root:DAL at 2020 archived | https://www.basketball-reference.com/teams/DAL/2020/gamelog/
INFO:root:DAL at 2021 archived | https://www.basketball-reference.com/teams/DAL/2021/gamelog/
INFO:root:DAL at 2022 archived | https://www.basketball-reference.com/teams/DAL/2022/gamelog/
INFO:root:DAL at 2023 archived | https://www.basketball-reference.com/teams/DAL/2023/gamelog/
INFO:root:DEN at 2000 archived | https://www.basketball-reference.com/teams/DEN/2000/gamelog/
INFO:root:DEN at 2001 archived | https://www.basketball-reference.com/teams/DEN/2001/gamelog/
INFO:root:DEN at 2002 archived | https://www.basketball-reference.com/teams/DEN/2002/gamelog/
INFO:root:DEN at 2003 archived | https://www.basketball-reference.com/teams/DEN/2003/gamelog/
INFO:root:DEN at 2004 archived | https://www.basketball-reference.com/teams/DEN/2004/gamelog/
INFO:root:DEN at 2005 archived | https://www.basketball-reference.com/teams/DEN/2005/gamelog/
INFO:root:DEN at 2006 archived | https://www.basketball-reference.com/teams/DEN/2006/gamelog/
INFO:root:DEN at 2007 archived | https://www.basketball-reference.com/teams/DEN/2007/gamelog/
INFO:root:DEN at 2008 archived | https://www.basketball-reference.com/teams/DEN/2008/gamelog/
INFO:root:DEN at 2009 archived | https://www.basketball-reference.com/teams/DEN/2009/gamelog/
INFO:root:DEN at 2010 archived | https://www.basketball-reference.com/teams/DEN/2010/gamelog/
INFO:root:DEN at 2011 archived | https://www.basketball-reference.com/teams/DEN/2011/gamelog/
INFO:root:DEN at 2012 archived | https://www.basketball-reference.com/teams/DEN/2012/gamelog/
INFO:root:DEN at 2013 archived | https://www.basketball-reference.com/teams/DEN/2013/gamelog/
INFO:root:DEN at 2014 archived | https://www.basketball-reference.com/teams/DEN/2014/gamelog/
INFO:root:DEN at 2015 archived | https://www.basketball-reference.com/teams/DEN/2015/gamelog/
INFO:root:DEN at 2016 archived | https://www.basketball-reference.com/teams/DEN/2016/gamelog/
INFO:root:DEN at 2017 archived | https://www.basketball-reference.com/teams/DEN/2017/gamelog/
INFO:root:DEN at 2018 archived | https://www.basketball-reference.com/teams/DEN/2018/gamelog/
INFO:root:DEN at 2019 archived | https://www.basketball-reference.com/teams/DEN/2019/gamelog/
INFO:root:DEN at 2020 archived | https://www.basketball-reference.com/teams/DEN/2020/gamelog/
INFO:root:DEN at 2021 archived | https://www.basketball-reference.com/teams/DEN/2021/gamelog/
INFO:root:DEN at 2022 archived | https://www.basketball-reference.com/teams/DEN/2022/gamelog/
INFO:root:DEN at 2023 archived | https://www.basketball-reference.com/teams/DEN/2023/gamelog/
INFO:root:DET at 2000 archived | https://www.basketball-reference.com/teams/DET/2000/gamelog/
INFO:root:DET at 2001 archived | https://www.basketball-reference.com/teams/DET/2001/gamelog/
INFO:root:DET at 2002 archived | https://www.basketball-reference.com/teams/DET/2002/gamelog/
INFO:root:DET at 2003 archived | https://www.basketball-reference.com/teams/DET/2003/gamelog/
INFO:root:DET at 2004 archived | https://www.basketball-reference.com/teams/DET/2004/gamelog/
INFO:root:DET at 2005 archived | https://www.basketball-reference.com/teams/DET/2005/gamelog/
INFO:root:DET at 2006 archived | https://www.basketball-reference.com/teams/DET/2006/gamelog/
INFO:root:DET at 2007 archived | https://www.basketball-reference.com/teams/DET/2007/gamelog/
INFO:root:DET at 2008 archived | https://www.basketball-reference.com/teams/DET/2008/gamelog/
INFO:root:DET at 2009 archived | https://www.basketball-reference.com/teams/DET/2009/gamelog/
INFO:root:DET at 2010 archived | https://www.basketball-reference.com/teams/DET/2010/gamelog/
INFO:root:DET at 2011 archived | https://www.basketball-reference.com/teams/DET/2011/gamelog/
INFO:root:DET at 2012 archived | https://www.basketball-reference.com/teams/DET/2012/gamelog/
INFO:root:DET at 2013 archived | https://www.basketball-reference.com/teams/DET/2013/gamelog/
INFO:root:DET at 2014 archived | https://www.basketball-reference.com/teams/DET/2014/gamelog/
INFO:root:DET at 2015 archived | https://www.basketball-reference.com/teams/DET/2015/gamelog/
INFO:root:DET at 2016 archived | https://www.basketball-reference.com/teams/DET/2016/gamelog/
INFO:root:DET at 2017 archived | https://www.basketball-reference.com/teams/DET/2017/gamelog/
INFO:root:DET at 2018 archived | https://www.basketball-reference.com/teams/DET/2018/gamelog/
INFO:root:DET at 2019 archived | https://www.basketball-reference.com/teams/DET/2019/gamelog/
INFO:root:DET at 2020 archived | https://www.basketball-reference.com/teams/DET/2020/gamelog/
INFO:root:DET at 2021 archived | https://www.basketball-reference.com/teams/DET/2021/gamelog/
INFO:root:DET at 2022 archived | https://www.basketball-reference.com/teams/DET/2022/gamelog/
INFO:root:DET at 2023 archived | https://www.basketball-reference.com/teams/DET/2023/gamelog/
INFO:root:GSW at 2000 archived | https://www.basketball-reference.com/teams/GSW/2000/gamelog/
INFO:root:GSW at 2001 archived | https://www.basketball-reference.com/teams/GSW/2001/gamelog/
INFO:root:GSW at 2002 archived | https://www.basketball-reference.com/teams/GSW/2002/gamelog/
INFO:root:GSW at 2003 archived | https://www.basketball-reference.com/teams/GSW/2003/gamelog/
INFO:root:GSW at 2004 archived | https://www.basketball-reference.com/teams/GSW/2004/gamelog/
INFO:root:GSW at 2005 archived | https://www.basketball-reference.com/teams/GSW/2005/gamelog/
INFO:root:GSW at 2006 archived | https://www.basketball-reference.com/teams/GSW/2006/gamelog/
INFO:root:GSW at 2007 archived | https://www.basketball-reference.com/teams/GSW/2007/gamelog/
INFO:root:GSW at 2008 archived | https://www.basketball-reference.com/teams/GSW/2008/gamelog/
INFO:root:GSW at 2009 archived | https://www.basketball-reference.com/teams/GSW/2009/gamelog/
INFO:root:GSW at 2010 archived | https://www.basketball-reference.com/teams/GSW/2010/gamelog/
INFO:root:GSW at 2011 archived | https://www.basketball-reference.com/teams/GSW/2011/gamelog/
INFO:root:GSW at 2012 archived | https://www.basketball-reference.com/teams/GSW/2012/gamelog/
INFO:root:GSW at 2013 archived | https://www.basketball-reference.com/teams/GSW/2013/gamelog/
INFO:root:GSW at 2014 archived | https://www.basketball-reference.com/teams/GSW/2014/gamelog/
INFO:root:GSW at 2015 archived | https://www.basketball-reference.com/teams/GSW/2015/gamelog/
INFO:root:GSW at 2016 archived | https://www.basketball-reference.com/teams/GSW/2016/gamelog/
INFO:root:GSW at 2017 archived | https://www.basketball-reference.com/teams/GSW/2017/gamelog/
INFO:root:GSW at 2018 archived | https://www.basketball-reference.com/teams/GSW/2018/gamelog/
INFO:root:GSW at 2019 archived | https://www.basketball-reference.com/teams/GSW/2019/gamelog/
INFO:root:GSW at 2020 archived | https://www.basketball-reference.com/teams/GSW/2020/gamelog/
INFO:root:GSW at 2021 archived | https://www.basketball-reference.com/teams/GSW/2021/gamelog/
INFO:root:GSW at 2022 archived | https://www.basketball-reference.com/teams/GSW/2022/gamelog/
INFO:root:GSW at 2023 archived | https://www.basketball-reference.com/teams/GSW/2023/gamelog/
INFO:root:HOU at 2000 archived | https://www.basketball-reference.com/teams/HOU/2000/gamelog/
INFO:root:HOU at 2001 archived | https://www.basketball-reference.com/teams/HOU/2001/gamelog/
INFO:root:HOU at 2002 archived | https://www.basketball-reference.com/teams/HOU/2002/gamelog/
INFO:root:HOU at 2003 archived | https://www.basketball-reference.com/teams/HOU/2003/gamelog/
INFO:root:HOU at 2004 archived | https://www.basketball-reference.com/teams/HOU/2004/gamelog/
INFO:root:HOU at 2005 archived | https://www.basketball-reference.com/teams/HOU/2005/gamelog/
INFO:root:HOU at 2006 archived | https://www.basketball-reference.com/teams/HOU/2006/gamelog/
INFO:root:HOU at 2007 archived | https://www.basketball-reference.com/teams/HOU/2007/gamelog/
INFO:root:HOU at 2008 archived | https://www.basketball-reference.com/teams/HOU/2008/gamelog/
INFO:root:HOU at 2009 archived | https://www.basketball-reference.com/teams/HOU/2009/gamelog/
INFO:root:HOU at 2010 archived | https://www.basketball-reference.com/teams/HOU/2010/gamelog/
INFO:root:HOU at 2011 archived | https://www.basketball-reference.com/teams/HOU/2011/gamelog/
INFO:root:HOU at 2012 archived | https://www.basketball-reference.com/teams/HOU/2012/gamelog/
INFO:root:HOU at 2013 archived | https://www.basketball-reference.com/teams/HOU/2013/gamelog/
INFO:root:HOU at 2014 archived | https://www.basketball-reference.com/teams/HOU/2014/gamelog/
INFO:root:HOU at 2015 archived | https://www.basketball-reference.com/teams/HOU/2015/gamelog/
INFO:root:HOU at 2016 archived | https://www.basketball-reference.com/teams/HOU/2016/gamelog/
INFO:root:HOU at 2017 archived | https://www.basketball-reference.com/teams/HOU/2017/gamelog/
INFO:root:HOU at 2018 archived | https://www.basketball-reference.com/teams/HOU/2018/gamelog/
INFO:root:HOU at 2019 archived | https://www.basketball-reference.com/teams/HOU/2019/gamelog/
INFO:root:HOU at 2020 archived | https://www.basketball-reference.com/teams/HOU/2020/gamelog/
INFO:root:HOU at 2021 archived | https://www.basketball-reference.com/teams/HOU/2021/gamelog/
INFO:root:HOU at 2022 archived | https://www.basketball-reference.com/teams/HOU/2022/gamelog/
INFO:root:HOU at 2023 archived | https://www.basketball-reference.com/teams/HOU/2023/gamelog/
INFO:root:IND at 2000 archived | https://www.basketball-reference.com/teams/IND/2000/gamelog/
INFO:root:IND at 2001 archived | https://www.basketball-reference.com/teams/IND/2001/gamelog/
INFO:root:IND at 2002 archived | https://www.basketball-reference.com/teams/IND/2002/gamelog/
INFO:root:IND at 2003 archived | https://www.basketball-reference.com/teams/IND/2003/gamelog/
INFO:root:IND at 2004 archived | https://www.basketball-reference.com/teams/IND/2004/gamelog/
INFO:root:IND at 2005 archived | https://www.basketball-reference.com/teams/IND/2005/gamelog/
INFO:root:IND at 2006 archived | https://www.basketball-reference.com/teams/IND/2006/gamelog/
INFO:root:IND at 2007 archived | https://www.basketball-reference.com/teams/IND/2007/gamelog/
INFO:root:IND at 2008 archived | https://www.basketball-reference.com/teams/IND/2008/gamelog/
INFO:root:IND at 2009 archived | https://www.basketball-reference.com/teams/IND/2009/gamelog/
INFO:root:IND at 2010 archived | https://www.basketball-reference.com/teams/IND/2010/gamelog/
INFO:root:IND at 2011 archived | https://www.basketball-reference.com/teams/IND/2011/gamelog/
INFO:root:IND at 2012 archived | https://www.basketball-reference.com/teams/IND/2012/gamelog/
INFO:root:IND at 2013 archived | https://www.basketball-reference.com/teams/IND/2013/gamelog/
INFO:root:IND at 2014 archived | https://www.basketball-reference.com/teams/IND/2014/gamelog/
INFO:root:IND at 2015 archived | https://www.basketball-reference.com/teams/IND/2015/gamelog/
INFO:root:IND at 2016 archived | https://www.basketball-reference.com/teams/IND/2016/gamelog/
INFO:root:IND at 2017 archived | https://www.basketball-reference.com/teams/IND/2017/gamelog/
INFO:root:IND at 2018 archived | https://www.basketball-reference.com/teams/IND/2018/gamelog/
INFO:root:IND at 2019 archived | https://www.basketball-reference.com/teams/IND/2019/gamelog/
INFO:root:IND at 2020 archived | https://www.basketball-reference.com/teams/IND/2020/gamelog/
INFO:root:IND at 2021 archived | https://www.basketball-reference.com/teams/IND/2021/gamelog/
INFO:root:IND at 2022 archived | https://www.basketball-reference.com/teams/IND/2022/gamelog/
INFO:root:IND at 2023 archived | https://www.basketball-reference.com/teams/IND/2023/gamelog/
INFO:root:LAL at 2000 archived | https://www.basketball-reference.com/teams/LAL/2000/gamelog/
INFO:root:LAL at 2001 archived | https://www.basketball-reference.com/teams/LAL/2001/gamelog/
INFO:root:LAL at 2002 archived | https://www.basketball-reference.com/teams/LAL/2002/gamelog/
INFO:root:LAL at 2003 archived | https://www.basketball-reference.com/teams/LAL/2003/gamelog/
INFO:root:LAL at 2004 archived | https://www.basketball-reference.com/teams/LAL/2004/gamelog/
INFO:root:LAL at 2005 archived | https://www.basketball-reference.com/teams/LAL/2005/gamelog/
INFO:root:LAL at 2006 archived | https://www.basketball-reference.com/teams/LAL/2006/gamelog/
INFO:root:LAL at 2007 archived | https://www.basketball-reference.com/teams/LAL/2007/gamelog/
INFO:root:LAL at 2008 archived | https://www.basketball-reference.com/teams/LAL/2008/gamelog/
INFO:root:LAL at 2009 archived | https://www.basketball-reference.com/teams/LAL/2009/gamelog/
INFO:root:LAL at 2010 archived | https://www.basketball-reference.com/teams/LAL/2010/gamelog/
INFO:root:LAL at 2011 archived | https://www.basketball-reference.com/teams/LAL/2011/gamelog/
INFO:root:LAL at 2012 archived | https://www.basketball-reference.com/teams/LAL/2012/gamelog/
INFO:root:LAL at 2013 archived | https://www.basketball-reference.com/teams/LAL/2013/gamelog/
INFO:root:LAL at 2014 archived | https://www.basketball-reference.com/teams/LAL/2014/gamelog/
INFO:root:LAL at 2015 archived | https://www.basketball-reference.com/teams/LAL/2015/gamelog/
INFO:root:LAL at 2016 archived | https://www.basketball-reference.com/teams/LAL/2016/gamelog/
INFO:root:LAL at 2017 archived | https://www.basketball-reference.com/teams/LAL/2017/gamelog/
INFO:root:LAL at 2018 archived | https://www.basketball-reference.com/teams/LAL/2018/gamelog/
INFO:root:LAL at 2019 archived | https://www.basketball-reference.com/teams/LAL/2019/gamelog/
INFO:root:LAL at 2020 archived | https://www.basketball-reference.com/teams/LAL/2020/gamelog/
INFO:root:LAL at 2021 archived | https://www.basketball-reference.com/teams/LAL/2021/gamelog/
INFO:root:LAL at 2022 archived | https://www.basketball-reference.com/teams/LAL/2022/gamelog/
INFO:root:LAL at 2023 archived | https://www.basketball-reference.com/teams/LAL/2023/gamelog/
INFO:root:LAC at 2000 archived | https://www.basketball-reference.com/teams/LAC/2000/gamelog/
INFO:root:LAC at 2001 archived | https://www.basketball-reference.com/teams/LAC/2001/gamelog/
INFO:root:LAC at 2002 archived | https://www.basketball-reference.com/teams/LAC/2002/gamelog/
INFO:root:LAC at 2003 archived | https://www.basketball-reference.com/teams/LAC/2003/gamelog/
INFO:root:LAC at 2004 archived | https://www.basketball-reference.com/teams/LAC/2004/gamelog/
INFO:root:LAC at 2005 archived | https://www.basketball-reference.com/teams/LAC/2005/gamelog/
INFO:root:LAC at 2006 archived | https://www.basketball-reference.com/teams/LAC/2006/gamelog/
INFO:root:LAC at 2007 archived | https://www.basketball-reference.com/teams/LAC/2007/gamelog/
INFO:root:LAC at 2008 archived | https://www.basketball-reference.com/teams/LAC/2008/gamelog/
INFO:root:LAC at 2009 archived | https://www.basketball-reference.com/teams/LAC/2009/gamelog/
INFO:root:LAC at 2010 archived | https://www.basketball-reference.com/teams/LAC/2010/gamelog/
INFO:root:LAC at 2011 archived | https://www.basketball-reference.com/teams/LAC/2011/gamelog/
INFO:root:LAC at 2012 archived | https://www.basketball-reference.com/teams/LAC/2012/gamelog/
INFO:root:LAC at 2013 archived | https://www.basketball-reference.com/teams/LAC/2013/gamelog/
INFO:root:LAC at 2014 archived | https://www.basketball-reference.com/teams/LAC/2014/gamelog/
INFO:root:LAC at 2015 archived | https://www.basketball-reference.com/teams/LAC/2015/gamelog/
INFO:root:LAC at 2016 archived | https://www.basketball-reference.com/teams/LAC/2016/gamelog/
INFO:root:LAC at 2017 archived | https://www.basketball-reference.com/teams/LAC/2017/gamelog/
INFO:root:LAC at 2018 archived | https://www.basketball-reference.com/teams/LAC/2018/gamelog/
INFO:root:LAC at 2019 archived | https://www.basketball-reference.com/teams/LAC/2019/gamelog/
INFO:root:LAC at 2020 archived | https://www.basketball-reference.com/teams/LAC/2020/gamelog/
INFO:root:LAC at 2021 archived | https://www.basketball-reference.com/teams/LAC/2021/gamelog/
INFO:root:LAC at 2022 archived | https://www.basketball-reference.com/teams/LAC/2022/gamelog/
INFO:root:LAC at 2023 archived | https://www.basketball-reference.com/teams/LAC/2023/gamelog/
INFO:root:NOT added MEM at 2000 | https://www.basketball-reference.com/teams/MEM/2000/gamelog/
INFO:root:NOT added MEM at 2001 | https://www.basketball-reference.com/teams/MEM/2001/gamelog/
INFO:root:MEM at 2002 archived | https://www.basketball-reference.com/teams/MEM/2002/gamelog/
INFO:root:MEM at 2003 archived | https://www.basketball-reference.com/teams/MEM/2003/gamelog/
INFO:root:MEM at 2004 archived | https://www.basketball-reference.com/teams/MEM/2004/gamelog/
INFO:root:MEM at 2005 archived | https://www.basketball-reference.com/teams/MEM/2005/gamelog/
INFO:root:MEM at 2006 archived | https://www.basketball-reference.com/teams/MEM/2006/gamelog/
INFO:root:MEM at 2007 archived | https://www.basketball-reference.com/teams/MEM/2007/gamelog/
INFO:root:MEM at 2008 archived | https://www.basketball-reference.com/teams/MEM/2008/gamelog/
INFO:root:MEM at 2009 archived | https://www.basketball-reference.com/teams/MEM/2009/gamelog/
INFO:root:MEM at 2010 archived | https://www.basketball-reference.com/teams/MEM/2010/gamelog/
INFO:root:MEM at 2011 archived | https://www.basketball-reference.com/teams/MEM/2011/gamelog/
INFO:root:MEM at 2012 archived | https://www.basketball-reference.com/teams/MEM/2012/gamelog/
INFO:root:MEM at 2013 archived | https://www.basketball-reference.com/teams/MEM/2013/gamelog/
INFO:root:MEM at 2014 archived | https://www.basketball-reference.com/teams/MEM/2014/gamelog/
INFO:root:MEM at 2015 archived | https://www.basketball-reference.com/teams/MEM/2015/gamelog/
INFO:root:MEM at 2016 archived | https://www.basketball-reference.com/teams/MEM/2016/gamelog/
INFO:root:MEM at 2017 archived | https://www.basketball-reference.com/teams/MEM/2017/gamelog/
INFO:root:MEM at 2018 archived | https://www.basketball-reference.com/teams/MEM/2018/gamelog/
INFO:root:MEM at 2019 archived | https://www.basketball-reference.com/teams/MEM/2019/gamelog/
INFO:root:MEM at 2020 archived | https://www.basketball-reference.com/teams/MEM/2020/gamelog/
INFO:root:MEM at 2021 archived | https://www.basketball-reference.com/teams/MEM/2021/gamelog/
INFO:root:MEM at 2022 archived | https://www.basketball-reference.com/teams/MEM/2022/gamelog/
INFO:root:MEM at 2023 archived | https://www.basketball-reference.com/teams/MEM/2023/gamelog/
INFO:root:MIA at 2000 archived | https://www.basketball-reference.com/teams/MIA/2000/gamelog/
INFO:root:MIA at 2001 archived | https://www.basketball-reference.com/teams/MIA/2001/gamelog/
INFO:root:MIA at 2002 archived | https://www.basketball-reference.com/teams/MIA/2002/gamelog/
INFO:root:MIA at 2003 archived | https://www.basketball-reference.com/teams/MIA/2003/gamelog/
INFO:root:MIA at 2004 archived | https://www.basketball-reference.com/teams/MIA/2004/gamelog/
INFO:root:MIA at 2005 archived | https://www.basketball-reference.com/teams/MIA/2005/gamelog/
INFO:root:MIA at 2006 archived | https://www.basketball-reference.com/teams/MIA/2006/gamelog/
INFO:root:MIA at 2007 archived | https://www.basketball-reference.com/teams/MIA/2007/gamelog/
INFO:root:MIA at 2008 archived | https://www.basketball-reference.com/teams/MIA/2008/gamelog/
INFO:root:MIA at 2009 archived | https://www.basketball-reference.com/teams/MIA/2009/gamelog/
INFO:root:MIA at 2010 archived | https://www.basketball-reference.com/teams/MIA/2010/gamelog/
INFO:root:MIA at 2011 archived | https://www.basketball-reference.com/teams/MIA/2011/gamelog/
INFO:root:MIA at 2012 archived | https://www.basketball-reference.com/teams/MIA/2012/gamelog/
INFO:root:MIA at 2013 archived | https://www.basketball-reference.com/teams/MIA/2013/gamelog/
INFO:root:MIA at 2014 archived | https://www.basketball-reference.com/teams/MIA/2014/gamelog/
INFO:root:MIA at 2015 archived | https://www.basketball-reference.com/teams/MIA/2015/gamelog/
INFO:root:MIA at 2016 archived | https://www.basketball-reference.com/teams/MIA/2016/gamelog/
INFO:root:MIA at 2017 archived | https://www.basketball-reference.com/teams/MIA/2017/gamelog/
INFO:root:MIA at 2018 archived | https://www.basketball-reference.com/teams/MIA/2018/gamelog/
INFO:root:MIA at 2019 archived | https://www.basketball-reference.com/teams/MIA/2019/gamelog/
INFO:root:MIA at 2020 archived | https://www.basketball-reference.com/teams/MIA/2020/gamelog/
INFO:root:MIA at 2021 archived | https://www.basketball-reference.com/teams/MIA/2021/gamelog/
INFO:root:MIA at 2022 archived | https://www.basketball-reference.com/teams/MIA/2022/gamelog/
INFO:root:MIA at 2023 archived | https://www.basketball-reference.com/teams/MIA/2023/gamelog/
INFO:root:MIL at 2000 archived | https://www.basketball-reference.com/teams/MIL/2000/gamelog/
INFO:root:MIL at 2001 archived | https://www.basketball-reference.com/teams/MIL/2001/gamelog/
INFO:root:MIL at 2002 archived | https://www.basketball-reference.com/teams/MIL/2002/gamelog/
INFO:root:MIL at 2003 archived | https://www.basketball-reference.com/teams/MIL/2003/gamelog/
INFO:root:MIL at 2004 archived | https://www.basketball-reference.com/teams/MIL/2004/gamelog/
INFO:root:MIL at 2005 archived | https://www.basketball-reference.com/teams/MIL/2005/gamelog/
INFO:root:MIL at 2006 archived | https://www.basketball-reference.com/teams/MIL/2006/gamelog/
INFO:root:MIL at 2007 archived | https://www.basketball-reference.com/teams/MIL/2007/gamelog/
INFO:root:MIL at 2008 archived | https://www.basketball-reference.com/teams/MIL/2008/gamelog/
INFO:root:MIL at 2009 archived | https://www.basketball-reference.com/teams/MIL/2009/gamelog/
INFO:root:MIL at 2010 archived | https://www.basketball-reference.com/teams/MIL/2010/gamelog/
INFO:root:MIL at 2011 archived | https://www.basketball-reference.com/teams/MIL/2011/gamelog/
INFO:root:MIL at 2012 archived | https://www.basketball-reference.com/teams/MIL/2012/gamelog/
INFO:root:MIL at 2013 archived | https://www.basketball-reference.com/teams/MIL/2013/gamelog/
INFO:root:MIL at 2014 archived | https://www.basketball-reference.com/teams/MIL/2014/gamelog/
INFO:root:MIL at 2015 archived | https://www.basketball-reference.com/teams/MIL/2015/gamelog/
INFO:root:MIL at 2016 archived | https://www.basketball-reference.com/teams/MIL/2016/gamelog/
INFO:root:MIL at 2017 archived | https://www.basketball-reference.com/teams/MIL/2017/gamelog/
INFO:root:MIL at 2018 archived | https://www.basketball-reference.com/teams/MIL/2018/gamelog/
INFO:root:MIL at 2019 archived | https://www.basketball-reference.com/teams/MIL/2019/gamelog/
INFO:root:MIL at 2020 archived | https://www.basketball-reference.com/teams/MIL/2020/gamelog/
INFO:root:MIL at 2021 archived | https://www.basketball-reference.com/teams/MIL/2021/gamelog/
INFO:root:MIL at 2022 archived | https://www.basketball-reference.com/teams/MIL/2022/gamelog/
INFO:root:MIL at 2023 archived | https://www.basketball-reference.com/teams/MIL/2023/gamelog/
INFO:root:MIN at 2000 archived | https://www.basketball-reference.com/teams/MIN/2000/gamelog/
INFO:root:MIN at 2001 archived | https://www.basketball-reference.com/teams/MIN/2001/gamelog/
INFO:root:MIN at 2002 archived | https://www.basketball-reference.com/teams/MIN/2002/gamelog/
INFO:root:MIN at 2003 archived | https://www.basketball-reference.com/teams/MIN/2003/gamelog/
INFO:root:MIN at 2004 archived | https://www.basketball-reference.com/teams/MIN/2004/gamelog/
INFO:root:MIN at 2005 archived | https://www.basketball-reference.com/teams/MIN/2005/gamelog/
INFO:root:MIN at 2006 archived | https://www.basketball-reference.com/teams/MIN/2006/gamelog/
INFO:root:MIN at 2007 archived | https://www.basketball-reference.com/teams/MIN/2007/gamelog/
INFO:root:MIN at 2008 archived | https://www.basketball-reference.com/teams/MIN/2008/gamelog/
INFO:root:MIN at 2009 archived | https://www.basketball-reference.com/teams/MIN/2009/gamelog/
INFO:root:MIN at 2010 archived | https://www.basketball-reference.com/teams/MIN/2010/gamelog/
INFO:root:MIN at 2011 archived | https://www.basketball-reference.com/teams/MIN/2011/gamelog/
INFO:root:MIN at 2012 archived | https://www.basketball-reference.com/teams/MIN/2012/gamelog/
INFO:root:MIN at 2013 archived | https://www.basketball-reference.com/teams/MIN/2013/gamelog/
INFO:root:MIN at 2014 archived | https://www.basketball-reference.com/teams/MIN/2014/gamelog/
INFO:root:MIN at 2015 archived | https://www.basketball-reference.com/teams/MIN/2015/gamelog/
INFO:root:MIN at 2016 archived | https://www.basketball-reference.com/teams/MIN/2016/gamelog/
INFO:root:MIN at 2017 archived | https://www.basketball-reference.com/teams/MIN/2017/gamelog/
INFO:root:MIN at 2018 archived | https://www.basketball-reference.com/teams/MIN/2018/gamelog/
INFO:root:MIN at 2019 archived | https://www.basketball-reference.com/teams/MIN/2019/gamelog/
INFO:root:MIN at 2020 archived | https://www.basketball-reference.com/teams/MIN/2020/gamelog/
INFO:root:MIN at 2021 archived | https://www.basketball-reference.com/teams/MIN/2021/gamelog/
INFO:root:MIN at 2022 archived | https://www.basketball-reference.com/teams/MIN/2022/gamelog/
INFO:root:MIN at 2023 archived | https://www.basketball-reference.com/teams/MIN/2023/gamelog/
INFO:root:NOT added NOP at 2000 | https://www.basketball-reference.com/teams/NOP/2000/gamelog/
INFO:root:NOT added NOP at 2001 | https://www.basketball-reference.com/teams/NOP/2001/gamelog/
INFO:root:NOT added NOP at 2002 | https://www.basketball-reference.com/teams/NOP/2002/gamelog/
INFO:root:NOT added NOP at 2003 | https://www.basketball-reference.com/teams/NOP/2003/gamelog/
INFO:root:NOT added NOP at 2004 | https://www.basketball-reference.com/teams/NOP/2004/gamelog/
INFO:root:NOT added NOP at 2005 | https://www.basketball-reference.com/teams/NOP/2005/gamelog/
INFO:root:NOT added NOP at 2006 | https://www.basketball-reference.com/teams/NOP/2006/gamelog/
INFO:root:NOT added NOP at 2007 | https://www.basketball-reference.com/teams/NOP/2007/gamelog/
INFO:root:NOT added NOP at 2008 | https://www.basketball-reference.com/teams/NOP/2008/gamelog/
INFO:root:NOT added NOP at 2009 | https://www.basketball-reference.com/teams/NOP/2009/gamelog/
INFO:root:NOT added NOP at 2010 | https://www.basketball-reference.com/teams/NOP/2010/gamelog/
INFO:root:NOT added NOP at 2011 | https://www.basketball-reference.com/teams/NOP/2011/gamelog/
INFO:root:NOT added NOP at 2012 | https://www.basketball-reference.com/teams/NOP/2012/gamelog/
INFO:root:NOT added NOP at 2013 | https://www.basketball-reference.com/teams/NOP/2013/gamelog/
INFO:root:NOP at 2014 archived | https://www.basketball-reference.com/teams/NOP/2014/gamelog/
INFO:root:NOP at 2015 archived | https://www.basketball-reference.com/teams/NOP/2015/gamelog/
INFO:root:NOP at 2016 archived | https://www.basketball-reference.com/teams/NOP/2016/gamelog/
INFO:root:NOP at 2017 archived | https://www.basketball-reference.com/teams/NOP/2017/gamelog/
INFO:root:NOP at 2018 archived | https://www.basketball-reference.com/teams/NOP/2018/gamelog/
INFO:root:NOP at 2019 archived | https://www.basketball-reference.com/teams/NOP/2019/gamelog/
INFO:root:NOP at 2020 archived | https://www.basketball-reference.com/teams/NOP/2020/gamelog/
INFO:root:NOP at 2021 archived | https://www.basketball-reference.com/teams/NOP/2021/gamelog/
INFO:root:NOP at 2022 archived | https://www.basketball-reference.com/teams/NOP/2022/gamelog/
INFO:root:NOP at 2023 archived | https://www.basketball-reference.com/teams/NOP/2023/gamelog/
INFO:root:NYK at 2000 archived | https://www.basketball-reference.com/teams/NYK/2000/gamelog/
INFO:root:NYK at 2001 archived | https://www.basketball-reference.com/teams/NYK/2001/gamelog/
INFO:root:NYK at 2002 archived | https://www.basketball-reference.com/teams/NYK/2002/gamelog/
INFO:root:NYK at 2003 archived | https://www.basketball-reference.com/teams/NYK/2003/gamelog/
INFO:root:NYK at 2004 archived | https://www.basketball-reference.com/teams/NYK/2004/gamelog/
INFO:root:NYK at 2005 archived | https://www.basketball-reference.com/teams/NYK/2005/gamelog/
INFO:root:NYK at 2006 archived | https://www.basketball-reference.com/teams/NYK/2006/gamelog/
INFO:root:NYK at 2007 archived | https://www.basketball-reference.com/teams/NYK/2007/gamelog/
INFO:root:NYK at 2008 archived | https://www.basketball-reference.com/teams/NYK/2008/gamelog/
INFO:root:NYK at 2009 archived | https://www.basketball-reference.com/teams/NYK/2009/gamelog/
INFO:root:NYK at 2010 archived | https://www.basketball-reference.com/teams/NYK/2010/gamelog/
INFO:root:NYK at 2011 archived | https://www.basketball-reference.com/teams/NYK/2011/gamelog/
INFO:root:NYK at 2012 archived | https://www.basketball-reference.com/teams/NYK/2012/gamelog/
INFO:root:NYK at 2013 archived | https://www.basketball-reference.com/teams/NYK/2013/gamelog/
INFO:root:NYK at 2014 archived | https://www.basketball-reference.com/teams/NYK/2014/gamelog/
INFO:root:NYK at 2015 archived | https://www.basketball-reference.com/teams/NYK/2015/gamelog/
INFO:root:NYK at 2016 archived | https://www.basketball-reference.com/teams/NYK/2016/gamelog/
INFO:root:NYK at 2017 archived | https://www.basketball-reference.com/teams/NYK/2017/gamelog/
INFO:root:NYK at 2018 archived | https://www.basketball-reference.com/teams/NYK/2018/gamelog/
INFO:root:NYK at 2019 archived | https://www.basketball-reference.com/teams/NYK/2019/gamelog/
INFO:root:NYK at 2020 archived | https://www.basketball-reference.com/teams/NYK/2020/gamelog/
INFO:root:NYK at 2021 archived | https://www.basketball-reference.com/teams/NYK/2021/gamelog/
INFO:root:NYK at 2022 archived | https://www.basketball-reference.com/teams/NYK/2022/gamelog/
INFO:root:NYK at 2023 archived | https://www.basketball-reference.com/teams/NYK/2023/gamelog/
INFO:root:NOT added OKC at 2000 | https://www.basketball-reference.com/teams/OKC/2000/gamelog/
INFO:root:NOT added OKC at 2001 | https://www.basketball-reference.com/teams/OKC/2001/gamelog/
INFO:root:NOT added OKC at 2002 | https://www.basketball-reference.com/teams/OKC/2002/gamelog/
INFO:root:NOT added OKC at 2003 | https://www.basketball-reference.com/teams/OKC/2003/gamelog/
INFO:root:NOT added OKC at 2004 | https://www.basketball-reference.com/teams/OKC/2004/gamelog/
INFO:root:NOT added OKC at 2005 | https://www.basketball-reference.com/teams/OKC/2005/gamelog/
INFO:root:NOT added OKC at 2006 | https://www.basketball-reference.com/teams/OKC/2006/gamelog/
INFO:root:NOT added OKC at 2007 | https://www.basketball-reference.com/teams/OKC/2007/gamelog/
INFO:root:NOT added OKC at 2008 | https://www.basketball-reference.com/teams/OKC/2008/gamelog/
INFO:root:OKC at 2009 archived | https://www.basketball-reference.com/teams/OKC/2009/gamelog/
INFO:root:OKC at 2010 archived | https://www.basketball-reference.com/teams/OKC/2010/gamelog/
INFO:root:OKC at 2011 archived | https://www.basketball-reference.com/teams/OKC/2011/gamelog/
INFO:root:OKC at 2012 archived | https://www.basketball-reference.com/teams/OKC/2012/gamelog/
INFO:root:OKC at 2013 archived | https://www.basketball-reference.com/teams/OKC/2013/gamelog/
INFO:root:OKC at 2014 archived | https://www.basketball-reference.com/teams/OKC/2014/gamelog/
INFO:root:OKC at 2015 archived | https://www.basketball-reference.com/teams/OKC/2015/gamelog/
INFO:root:OKC at 2016 archived | https://www.basketball-reference.com/teams/OKC/2016/gamelog/
INFO:root:OKC at 2017 archived | https://www.basketball-reference.com/teams/OKC/2017/gamelog/
INFO:root:OKC at 2018 archived | https://www.basketball-reference.com/teams/OKC/2018/gamelog/
INFO:root:OKC at 2019 archived | https://www.basketball-reference.com/teams/OKC/2019/gamelog/
INFO:root:OKC at 2020 archived | https://www.basketball-reference.com/teams/OKC/2020/gamelog/
INFO:root:OKC at 2021 archived | https://www.basketball-reference.com/teams/OKC/2021/gamelog/
INFO:root:OKC at 2022 archived | https://www.basketball-reference.com/teams/OKC/2022/gamelog/
INFO:root:OKC at 2023 archived | https://www.basketball-reference.com/teams/OKC/2023/gamelog/
INFO:root:ORL at 2000 archived | https://www.basketball-reference.com/teams/ORL/2000/gamelog/
INFO:root:ORL at 2001 archived | https://www.basketball-reference.com/teams/ORL/2001/gamelog/
INFO:root:ORL at 2002 archived | https://www.basketball-reference.com/teams/ORL/2002/gamelog/
INFO:root:ORL at 2003 archived | https://www.basketball-reference.com/teams/ORL/2003/gamelog/
INFO:root:ORL at 2004 archived | https://www.basketball-reference.com/teams/ORL/2004/gamelog/
INFO:root:ORL at 2005 archived | https://www.basketball-reference.com/teams/ORL/2005/gamelog/
INFO:root:ORL at 2006 archived | https://www.basketball-reference.com/teams/ORL/2006/gamelog/
INFO:root:ORL at 2007 archived | https://www.basketball-reference.com/teams/ORL/2007/gamelog/
INFO:root:ORL at 2008 archived | https://www.basketball-reference.com/teams/ORL/2008/gamelog/
INFO:root:ORL at 2009 archived | https://www.basketball-reference.com/teams/ORL/2009/gamelog/
INFO:root:ORL at 2010 archived | https://www.basketball-reference.com/teams/ORL/2010/gamelog/
INFO:root:ORL at 2011 archived | https://www.basketball-reference.com/teams/ORL/2011/gamelog/
INFO:root:ORL at 2012 archived | https://www.basketball-reference.com/teams/ORL/2012/gamelog/
INFO:root:ORL at 2013 archived | https://www.basketball-reference.com/teams/ORL/2013/gamelog/
INFO:root:ORL at 2014 archived | https://www.basketball-reference.com/teams/ORL/2014/gamelog/
INFO:root:ORL at 2015 archived | https://www.basketball-reference.com/teams/ORL/2015/gamelog/
INFO:root:ORL at 2016 archived | https://www.basketball-reference.com/teams/ORL/2016/gamelog/
INFO:root:ORL at 2017 archived | https://www.basketball-reference.com/teams/ORL/2017/gamelog/
INFO:root:ORL at 2018 archived | https://www.basketball-reference.com/teams/ORL/2018/gamelog/
INFO:root:ORL at 2019 archived | https://www.basketball-reference.com/teams/ORL/2019/gamelog/
INFO:root:ORL at 2020 archived | https://www.basketball-reference.com/teams/ORL/2020/gamelog/
INFO:root:ORL at 2021 archived | https://www.basketball-reference.com/teams/ORL/2021/gamelog/
INFO:root:ORL at 2022 archived | https://www.basketball-reference.com/teams/ORL/2022/gamelog/
INFO:root:ORL at 2023 archived | https://www.basketball-reference.com/teams/ORL/2023/gamelog/
INFO:root:PHI at 2000 archived | https://www.basketball-reference.com/teams/PHI/2000/gamelog/
INFO:root:PHI at 2001 archived | https://www.basketball-reference.com/teams/PHI/2001/gamelog/
INFO:root:PHI at 2002 archived | https://www.basketball-reference.com/teams/PHI/2002/gamelog/
INFO:root:PHI at 2003 archived | https://www.basketball-reference.com/teams/PHI/2003/gamelog/
INFO:root:PHI at 2004 archived | https://www.basketball-reference.com/teams/PHI/2004/gamelog/
INFO:root:PHI at 2005 archived | https://www.basketball-reference.com/teams/PHI/2005/gamelog/
INFO:root:PHI at 2006 archived | https://www.basketball-reference.com/teams/PHI/2006/gamelog/
INFO:root:PHI at 2007 archived | https://www.basketball-reference.com/teams/PHI/2007/gamelog/
INFO:root:PHI at 2008 archived | https://www.basketball-reference.com/teams/PHI/2008/gamelog/
INFO:root:PHI at 2009 archived | https://www.basketball-reference.com/teams/PHI/2009/gamelog/
INFO:root:PHI at 2010 archived | https://www.basketball-reference.com/teams/PHI/2010/gamelog/
INFO:root:PHI at 2011 archived | https://www.basketball-reference.com/teams/PHI/2011/gamelog/
INFO:root:PHI at 2012 archived | https://www.basketball-reference.com/teams/PHI/2012/gamelog/
INFO:root:PHI at 2013 archived | https://www.basketball-reference.com/teams/PHI/2013/gamelog/
INFO:root:PHI at 2014 archived | https://www.basketball-reference.com/teams/PHI/2014/gamelog/
INFO:root:PHI at 2015 archived | https://www.basketball-reference.com/teams/PHI/2015/gamelog/
INFO:root:PHI at 2016 archived | https://www.basketball-reference.com/teams/PHI/2016/gamelog/
INFO:root:PHI at 2017 archived | https://www.basketball-reference.com/teams/PHI/2017/gamelog/
INFO:root:PHI at 2018 archived | https://www.basketball-reference.com/teams/PHI/2018/gamelog/
INFO:root:PHI at 2019 archived | https://www.basketball-reference.com/teams/PHI/2019/gamelog/
INFO:root:PHI at 2020 archived | https://www.basketball-reference.com/teams/PHI/2020/gamelog/
INFO:root:PHI at 2021 archived | https://www.basketball-reference.com/teams/PHI/2021/gamelog/
INFO:root:PHI at 2022 archived | https://www.basketball-reference.com/teams/PHI/2022/gamelog/
INFO:root:PHI at 2023 archived | https://www.basketball-reference.com/teams/PHI/2023/gamelog/
INFO:root:PHO at 2000 archived | https://www.basketball-reference.com/teams/PHO/2000/gamelog/
INFO:root:PHO at 2001 archived | https://www.basketball-reference.com/teams/PHO/2001/gamelog/
INFO:root:PHO at 2002 archived | https://www.basketball-reference.com/teams/PHO/2002/gamelog/
INFO:root:PHO at 2003 archived | https://www.basketball-reference.com/teams/PHO/2003/gamelog/
INFO:root:PHO at 2004 archived | https://www.basketball-reference.com/teams/PHO/2004/gamelog/
INFO:root:PHO at 2005 archived | https://www.basketball-reference.com/teams/PHO/2005/gamelog/
INFO:root:PHO at 2006 archived | https://www.basketball-reference.com/teams/PHO/2006/gamelog/
INFO:root:PHO at 2007 archived | https://www.basketball-reference.com/teams/PHO/2007/gamelog/
INFO:root:PHO at 2008 archived | https://www.basketball-reference.com/teams/PHO/2008/gamelog/
INFO:root:PHO at 2009 archived | https://www.basketball-reference.com/teams/PHO/2009/gamelog/
INFO:root:PHO at 2010 archived | https://www.basketball-reference.com/teams/PHO/2010/gamelog/
INFO:root:PHO at 2011 archived | https://www.basketball-reference.com/teams/PHO/2011/gamelog/
INFO:root:PHO at 2012 archived | https://www.basketball-reference.com/teams/PHO/2012/gamelog/
INFO:root:PHO at 2013 archived | https://www.basketball-reference.com/teams/PHO/2013/gamelog/
INFO:root:PHO at 2014 archived | https://www.basketball-reference.com/teams/PHO/2014/gamelog/
INFO:root:PHO at 2015 archived | https://www.basketball-reference.com/teams/PHO/2015/gamelog/
INFO:root:PHO at 2016 archived | https://www.basketball-reference.com/teams/PHO/2016/gamelog/
INFO:root:PHO at 2017 archived | https://www.basketball-reference.com/teams/PHO/2017/gamelog/
INFO:root:PHO at 2018 archived | https://www.basketball-reference.com/teams/PHO/2018/gamelog/
INFO:root:PHO at 2019 archived | https://www.basketball-reference.com/teams/PHO/2019/gamelog/
INFO:root:PHO at 2020 archived | https://www.basketball-reference.com/teams/PHO/2020/gamelog/
INFO:root:PHO at 2021 archived | https://www.basketball-reference.com/teams/PHO/2021/gamelog/
INFO:root:PHO at 2022 archived | https://www.basketball-reference.com/teams/PHO/2022/gamelog/
INFO:root:PHO at 2023 archived | https://www.basketball-reference.com/teams/PHO/2023/gamelog/
INFO:root:POR at 2000 archived | https://www.basketball-reference.com/teams/POR/2000/gamelog/
INFO:root:POR at 2001 archived | https://www.basketball-reference.com/teams/POR/2001/gamelog/
INFO:root:POR at 2002 archived | https://www.basketball-reference.com/teams/POR/2002/gamelog/
INFO:root:POR at 2003 archived | https://www.basketball-reference.com/teams/POR/2003/gamelog/
INFO:root:POR at 2004 archived | https://www.basketball-reference.com/teams/POR/2004/gamelog/
INFO:root:POR at 2005 archived | https://www.basketball-reference.com/teams/POR/2005/gamelog/
INFO:root:POR at 2006 archived | https://www.basketball-reference.com/teams/POR/2006/gamelog/
INFO:root:POR at 2007 archived | https://www.basketball-reference.com/teams/POR/2007/gamelog/
INFO:root:POR at 2008 archived | https://www.basketball-reference.com/teams/POR/2008/gamelog/
INFO:root:POR at 2009 archived | https://www.basketball-reference.com/teams/POR/2009/gamelog/
INFO:root:POR at 2010 archived | https://www.basketball-reference.com/teams/POR/2010/gamelog/
INFO:root:POR at 2011 archived | https://www.basketball-reference.com/teams/POR/2011/gamelog/
INFO:root:POR at 2012 archived | https://www.basketball-reference.com/teams/POR/2012/gamelog/
INFO:root:POR at 2013 archived | https://www.basketball-reference.com/teams/POR/2013/gamelog/
INFO:root:POR at 2014 archived | https://www.basketball-reference.com/teams/POR/2014/gamelog/
INFO:root:POR at 2015 archived | https://www.basketball-reference.com/teams/POR/2015/gamelog/
INFO:root:POR at 2016 archived | https://www.basketball-reference.com/teams/POR/2016/gamelog/
INFO:root:POR at 2017 archived | https://www.basketball-reference.com/teams/POR/2017/gamelog/
INFO:root:POR at 2018 archived | https://www.basketball-reference.com/teams/POR/2018/gamelog/
INFO:root:POR at 2019 archived | https://www.basketball-reference.com/teams/POR/2019/gamelog/
INFO:root:POR at 2020 archived | https://www.basketball-reference.com/teams/POR/2020/gamelog/
INFO:root:POR at 2021 archived | https://www.basketball-reference.com/teams/POR/2021/gamelog/
INFO:root:POR at 2022 archived | https://www.basketball-reference.com/teams/POR/2022/gamelog/
INFO:root:POR at 2023 archived | https://www.basketball-reference.com/teams/POR/2023/gamelog/
INFO:root:SAC at 2000 archived | https://www.basketball-reference.com/teams/SAC/2000/gamelog/
INFO:root:SAC at 2001 archived | https://www.basketball-reference.com/teams/SAC/2001/gamelog/
INFO:root:SAC at 2002 archived | https://www.basketball-reference.com/teams/SAC/2002/gamelog/
INFO:root:SAC at 2003 archived | https://www.basketball-reference.com/teams/SAC/2003/gamelog/
INFO:root:SAC at 2004 archived | https://www.basketball-reference.com/teams/SAC/2004/gamelog/
INFO:root:SAC at 2005 archived | https://www.basketball-reference.com/teams/SAC/2005/gamelog/
INFO:root:SAC at 2006 archived | https://www.basketball-reference.com/teams/SAC/2006/gamelog/
INFO:root:SAC at 2007 archived | https://www.basketball-reference.com/teams/SAC/2007/gamelog/
INFO:root:SAC at 2008 archived | https://www.basketball-reference.com/teams/SAC/2008/gamelog/
INFO:root:SAC at 2009 archived | https://www.basketball-reference.com/teams/SAC/2009/gamelog/
INFO:root:SAC at 2010 archived | https://www.basketball-reference.com/teams/SAC/2010/gamelog/
INFO:root:SAC at 2011 archived | https://www.basketball-reference.com/teams/SAC/2011/gamelog/
INFO:root:SAC at 2012 archived | https://www.basketball-reference.com/teams/SAC/2012/gamelog/
INFO:root:SAC at 2013 archived | https://www.basketball-reference.com/teams/SAC/2013/gamelog/
INFO:root:SAC at 2014 archived | https://www.basketball-reference.com/teams/SAC/2014/gamelog/
INFO:root:SAC at 2015 archived | https://www.basketball-reference.com/teams/SAC/2015/gamelog/
INFO:root:SAC at 2016 archived | https://www.basketball-reference.com/teams/SAC/2016/gamelog/
INFO:root:SAC at 2017 archived | https://www.basketball-reference.com/teams/SAC/2017/gamelog/
INFO:root:SAC at 2018 archived | https://www.basketball-reference.com/teams/SAC/2018/gamelog/
INFO:root:SAC at 2019 archived | https://www.basketball-reference.com/teams/SAC/2019/gamelog/
INFO:root:SAC at 2020 archived | https://www.basketball-reference.com/teams/SAC/2020/gamelog/
INFO:root:SAC at 2021 archived | https://www.basketball-reference.com/teams/SAC/2021/gamelog/
INFO:root:SAC at 2022 archived | https://www.basketball-reference.com/teams/SAC/2022/gamelog/
INFO:root:SAC at 2023 archived | https://www.basketball-reference.com/teams/SAC/2023/gamelog/
INFO:root:SAS at 2000 archived | https://www.basketball-reference.com/teams/SAS/2000/gamelog/
INFO:root:SAS at 2001 archived | https://www.basketball-reference.com/teams/SAS/2001/gamelog/
INFO:root:SAS at 2002 archived | https://www.basketball-reference.com/teams/SAS/2002/gamelog/
INFO:root:SAS at 2003 archived | https://www.basketball-reference.com/teams/SAS/2003/gamelog/
INFO:root:SAS at 2004 archived | https://www.basketball-reference.com/teams/SAS/2004/gamelog/
INFO:root:SAS at 2005 archived | https://www.basketball-reference.com/teams/SAS/2005/gamelog/
INFO:root:SAS at 2006 archived | https://www.basketball-reference.com/teams/SAS/2006/gamelog/
INFO:root:SAS at 2007 archived | https://www.basketball-reference.com/teams/SAS/2007/gamelog/
INFO:root:SAS at 2008 archived | https://www.basketball-reference.com/teams/SAS/2008/gamelog/
INFO:root:SAS at 2009 archived | https://www.basketball-reference.com/teams/SAS/2009/gamelog/
INFO:root:SAS at 2010 archived | https://www.basketball-reference.com/teams/SAS/2010/gamelog/
INFO:root:SAS at 2011 archived | https://www.basketball-reference.com/teams/SAS/2011/gamelog/
INFO:root:SAS at 2012 archived | https://www.basketball-reference.com/teams/SAS/2012/gamelog/
INFO:root:SAS at 2013 archived | https://www.basketball-reference.com/teams/SAS/2013/gamelog/
INFO:root:SAS at 2014 archived | https://www.basketball-reference.com/teams/SAS/2014/gamelog/
INFO:root:SAS at 2015 archived | https://www.basketball-reference.com/teams/SAS/2015/gamelog/
INFO:root:SAS at 2016 archived | https://www.basketball-reference.com/teams/SAS/2016/gamelog/
INFO:root:SAS at 2017 archived | https://www.basketball-reference.com/teams/SAS/2017/gamelog/
INFO:root:SAS at 2018 archived | https://www.basketball-reference.com/teams/SAS/2018/gamelog/
INFO:root:SAS at 2019 archived | https://www.basketball-reference.com/teams/SAS/2019/gamelog/
INFO:root:SAS at 2020 archived | https://www.basketball-reference.com/teams/SAS/2020/gamelog/
INFO:root:SAS at 2021 archived | https://www.basketball-reference.com/teams/SAS/2021/gamelog/
INFO:root:SAS at 2022 archived | https://www.basketball-reference.com/teams/SAS/2022/gamelog/
INFO:root:SAS at 2023 archived | https://www.basketball-reference.com/teams/SAS/2023/gamelog/
INFO:root:TOR at 2000 archived | https://www.basketball-reference.com/teams/TOR/2000/gamelog/
INFO:root:TOR at 2001 archived | https://www.basketball-reference.com/teams/TOR/2001/gamelog/
INFO:root:TOR at 2002 archived | https://www.basketball-reference.com/teams/TOR/2002/gamelog/
INFO:root:TOR at 2003 archived | https://www.basketball-reference.com/teams/TOR/2003/gamelog/
INFO:root:TOR at 2004 archived | https://www.basketball-reference.com/teams/TOR/2004/gamelog/
INFO:root:TOR at 2005 archived | https://www.basketball-reference.com/teams/TOR/2005/gamelog/
INFO:root:TOR at 2006 archived | https://www.basketball-reference.com/teams/TOR/2006/gamelog/
INFO:root:TOR at 2007 archived | https://www.basketball-reference.com/teams/TOR/2007/gamelog/
INFO:root:TOR at 2008 archived | https://www.basketball-reference.com/teams/TOR/2008/gamelog/
INFO:root:TOR at 2009 archived | https://www.basketball-reference.com/teams/TOR/2009/gamelog/
INFO:root:TOR at 2010 archived | https://www.basketball-reference.com/teams/TOR/2010/gamelog/
INFO:root:TOR at 2011 archived | https://www.basketball-reference.com/teams/TOR/2011/gamelog/
INFO:root:TOR at 2012 archived | https://www.basketball-reference.com/teams/TOR/2012/gamelog/
INFO:root:TOR at 2013 archived | https://www.basketball-reference.com/teams/TOR/2013/gamelog/
INFO:root:TOR at 2014 archived | https://www.basketball-reference.com/teams/TOR/2014/gamelog/
INFO:root:TOR at 2015 archived | https://www.basketball-reference.com/teams/TOR/2015/gamelog/
INFO:root:TOR at 2016 archived | https://www.basketball-reference.com/teams/TOR/2016/gamelog/
INFO:root:TOR at 2017 archived | https://www.basketball-reference.com/teams/TOR/2017/gamelog/
INFO:root:TOR at 2018 archived | https://www.basketball-reference.com/teams/TOR/2018/gamelog/
INFO:root:TOR at 2019 archived | https://www.basketball-reference.com/teams/TOR/2019/gamelog/
INFO:root:TOR at 2020 archived | https://www.basketball-reference.com/teams/TOR/2020/gamelog/
INFO:root:TOR at 2021 archived | https://www.basketball-reference.com/teams/TOR/2021/gamelog/
INFO:root:TOR at 2022 archived | https://www.basketball-reference.com/teams/TOR/2022/gamelog/
INFO:root:TOR at 2023 archived | https://www.basketball-reference.com/teams/TOR/2023/gamelog/
INFO:root:UTA at 2000 archived | https://www.basketball-reference.com/teams/UTA/2000/gamelog/
INFO:root:UTA at 2001 archived | https://www.basketball-reference.com/teams/UTA/2001/gamelog/
INFO:root:UTA at 2002 archived | https://www.basketball-reference.com/teams/UTA/2002/gamelog/
INFO:root:UTA at 2003 archived | https://www.basketball-reference.com/teams/UTA/2003/gamelog/
INFO:root:UTA at 2004 archived | https://www.basketball-reference.com/teams/UTA/2004/gamelog/
INFO:root:UTA at 2005 archived | https://www.basketball-reference.com/teams/UTA/2005/gamelog/
INFO:root:UTA at 2006 archived | https://www.basketball-reference.com/teams/UTA/2006/gamelog/
INFO:root:UTA at 2007 archived | https://www.basketball-reference.com/teams/UTA/2007/gamelog/
INFO:root:UTA at 2008 archived | https://www.basketball-reference.com/teams/UTA/2008/gamelog/
INFO:root:UTA at 2009 archived | https://www.basketball-reference.com/teams/UTA/2009/gamelog/
INFO:root:UTA at 2010 archived | https://www.basketball-reference.com/teams/UTA/2010/gamelog/
INFO:root:UTA at 2011 archived | https://www.basketball-reference.com/teams/UTA/2011/gamelog/
INFO:root:UTA at 2012 archived | https://www.basketball-reference.com/teams/UTA/2012/gamelog/
INFO:root:UTA at 2013 archived | https://www.basketball-reference.com/teams/UTA/2013/gamelog/
INFO:root:UTA at 2014 archived | https://www.basketball-reference.com/teams/UTA/2014/gamelog/
INFO:root:UTA at 2015 archived | https://www.basketball-reference.com/teams/UTA/2015/gamelog/
INFO:root:UTA at 2016 archived | https://www.basketball-reference.com/teams/UTA/2016/gamelog/
INFO:root:UTA at 2017 archived | https://www.basketball-reference.com/teams/UTA/2017/gamelog/
INFO:root:UTA at 2018 archived | https://www.basketball-reference.com/teams/UTA/2018/gamelog/
INFO:root:UTA at 2019 archived | https://www.basketball-reference.com/teams/UTA/2019/gamelog/
INFO:root:UTA at 2020 archived | https://www.basketball-reference.com/teams/UTA/2020/gamelog/
INFO:root:UTA at 2021 archived | https://www.basketball-reference.com/teams/UTA/2021/gamelog/
INFO:root:UTA at 2022 archived | https://www.basketball-reference.com/teams/UTA/2022/gamelog/
INFO:root:UTA at 2023 archived | https://www.basketball-reference.com/teams/UTA/2023/gamelog/
INFO:root:WAS at 2000 archived | https://www.basketball-reference.com/teams/WAS/2000/gamelog/
INFO:root:WAS at 2001 archived | https://www.basketball-reference.com/teams/WAS/2001/gamelog/
INFO:root:WAS at 2002 archived | https://www.basketball-reference.com/teams/WAS/2002/gamelog/
INFO:root:WAS at 2003 archived | https://www.basketball-reference.com/teams/WAS/2003/gamelog/
INFO:root:WAS at 2004 archived | https://www.basketball-reference.com/teams/WAS/2004/gamelog/
INFO:root:WAS at 2005 archived | https://www.basketball-reference.com/teams/WAS/2005/gamelog/
INFO:root:WAS at 2006 archived | https://www.basketball-reference.com/teams/WAS/2006/gamelog/
INFO:root:WAS at 2007 archived | https://www.basketball-reference.com/teams/WAS/2007/gamelog/
INFO:root:WAS at 2008 archived | https://www.basketball-reference.com/teams/WAS/2008/gamelog/
INFO:root:WAS at 2009 archived | https://www.basketball-reference.com/teams/WAS/2009/gamelog/
INFO:root:WAS at 2010 archived | https://www.basketball-reference.com/teams/WAS/2010/gamelog/
INFO:root:WAS at 2011 archived | https://www.basketball-reference.com/teams/WAS/2011/gamelog/
INFO:root:WAS at 2012 archived | https://www.basketball-reference.com/teams/WAS/2012/gamelog/
INFO:root:WAS at 2013 archived | https://www.basketball-reference.com/teams/WAS/2013/gamelog/
INFO:root:WAS at 2014 archived | https://www.basketball-reference.com/teams/WAS/2014/gamelog/
INFO:root:WAS at 2015 archived | https://www.basketball-reference.com/teams/WAS/2015/gamelog/
INFO:root:WAS at 2016 archived | https://www.basketball-reference.com/teams/WAS/2016/gamelog/
INFO:root:WAS at 2017 archived | https://www.basketball-reference.com/teams/WAS/2017/gamelog/
INFO:root:WAS at 2018 archived | https://www.basketball-reference.com/teams/WAS/2018/gamelog/
INFO:root:WAS at 2019 archived | https://www.basketball-reference.com/teams/WAS/2019/gamelog/
INFO:root:WAS at 2020 archived | https://www.basketball-reference.com/teams/WAS/2020/gamelog/
INFO:root:WAS at 2021 archived | https://www.basketball-reference.com/teams/WAS/2021/gamelog/
INFO:root:WAS at 2022 archived | https://www.basketball-reference.com/teams/WAS/2022/gamelog/
INFO:root:WAS at 2023 archived | https://www.basketball-reference.com/teams/WAS/2023/gamelog/
